{"D:\\Школа Almiron\\src\\store\\authStore.ts": {"path":"D:\\Школа Almiron\\src\\store\\authStore.ts","statementMap":{"0":{"start":{"line":19,"column":13},"end":{"line":40,"column":null}},"1":{"start":{"line":21,"column":19},"end":{"line":34,"column":null}},"2":{"start":{"line":27,"column":8},"end":{"line":27,"column":null}},"3":{"start":{"line":29,"column":25},"end":{"line":29,"column":null}},"4":{"start":{"line":30,"column":31},"end":{"line":30,"column":null}},"5":{"start":{"line":31,"column":31},"end":{"line":31,"column":null}},"6":{"start":{"line":32,"column":31},"end":{"line":32,"column":null}},"7":{"start":{"line":33,"column":19},"end":{"line":33,"column":null}},"8":{"start":{"line":37,"column":30},"end":{"line":37,"column":null}}},"fnMap":{"0":{"name":"(anonymous_0)","decl":{"start":{"line":20,"column":2},"end":{"line":20,"column":null}},"loc":{"start":{"line":21,"column":19},"end":{"line":34,"column":null}},"line":21},"1":{"name":"role","decl":{"start":{"line":26,"column":10},"end":{"line":26,"column":17}},"loc":{"start":{"line":26,"column":17},"end":{"line":28,"column":null}},"line":26},"2":{"name":"(anonymous_2)","decl":{"start":{"line":29,"column":6},"end":{"line":29,"column":16}},"loc":{"start":{"line":29,"column":25},"end":{"line":29,"column":null}},"line":29},"3":{"name":"(anonymous_3)","decl":{"start":{"line":30,"column":6},"end":{"line":30,"column":19}},"loc":{"start":{"line":30,"column":31},"end":{"line":30,"column":null}},"line":30},"4":{"name":"(anonymous_4)","decl":{"start":{"line":31,"column":6},"end":{"line":31,"column":19}},"loc":{"start":{"line":31,"column":31},"end":{"line":31,"column":null}},"line":31},"5":{"name":"(anonymous_5)","decl":{"start":{"line":32,"column":6},"end":{"line":32,"column":19}},"loc":{"start":{"line":32,"column":31},"end":{"line":32,"column":null}},"line":32},"6":{"name":"(anonymous_6)","decl":{"start":{"line":33,"column":6},"end":{"line":33,"column":19}},"loc":{"start":{"line":33,"column":19},"end":{"line":33,"column":null}},"line":33},"7":{"name":"(anonymous_7)","decl":{"start":{"line":37,"column":6},"end":{"line":37,"column":19}},"loc":{"start":{"line":37,"column":30},"end":{"line":37,"column":null}},"line":37}},"branchMap":{"0":{"loc":{"start":{"line":27,"column":15},"end":{"line":27,"column":null}},"type":"binary-expr","locations":[{"start":{"line":27,"column":15},"end":{"line":27,"column":38}},{"start":{"line":27,"column":38},"end":{"line":27,"column":null}}],"line":27}},"s":{"0":1,"1":1,"2":2,"3":2,"4":1,"5":3,"6":3,"7":2,"8":20},"f":{"0":1,"1":2,"2":2,"3":1,"4":3,"5":3,"6":2,"7":20},"b":{"0":[2,1]},"meta":{"lastBranch":1,"lastFunction":8,"lastStatement":9,"seen":{"s:19:13:40:Infinity":0,"f:20:2:20:Infinity":0,"s:21:19:34:Infinity":1,"f:26:10:26:17":1,"s:27:8:27:Infinity":2,"b:27:15:27:38:27:38:27:Infinity":0,"f:29:6:29:16":2,"s:29:25:29:Infinity":3,"f:30:6:30:19":3,"s:30:31:30:Infinity":4,"f:31:6:31:19":4,"s:31:31:31:Infinity":5,"f:32:6:32:19":5,"s:32:31:32:Infinity":6,"f:33:6:33:19":6,"s:33:19:33:Infinity":7,"f:37:6:37:19":7,"s:37:30:37:Infinity":8},"fnNames":{}}}
,"D:\\Школа Almiron\\src\\types\\index.ts": {"path":"D:\\Школа Almiron\\src\\types\\index.ts","statementMap":{"0":{"start":{"line":78,"column":2},"end":{"line":78,"column":null}},"1":{"start":{"line":78,"column":36},"end":{"line":78,"column":null}},"2":{"start":{"line":79,"column":16},"end":{"line":79,"column":null}},"3":{"start":{"line":80,"column":2},"end":{"line":80,"column":null}},"4":{"start":{"line":80,"column":44},"end":{"line":80,"column":null}},"5":{"start":{"line":81,"column":2},"end":{"line":81,"column":null}},"6":{"start":{"line":81,"column":43},"end":{"line":81,"column":null}},"7":{"start":{"line":82,"column":2},"end":{"line":82,"column":null}}},"fnMap":{"0":{"name":"getCourseAvailability","decl":{"start":{"line":77,"column":16},"end":{"line":77,"column":38}},"loc":{"start":{"line":77,"column":102},"end":{"line":83,"column":null}},"line":77}},"branchMap":{"0":{"loc":{"start":{"line":78,"column":2},"end":{"line":78,"column":null}},"type":"if","locations":[{"start":{"line":78,"column":2},"end":{"line":78,"column":null}},{"start":{},"end":{}}],"line":78},"1":{"loc":{"start":{"line":78,"column":6},"end":{"line":78,"column":36}},"type":"binary-expr","locations":[{"start":{"line":78,"column":6},"end":{"line":78,"column":23}},{"start":{"line":78,"column":23},"end":{"line":78,"column":36}}],"line":78},"2":{"loc":{"start":{"line":80,"column":2},"end":{"line":80,"column":null}},"type":"if","locations":[{"start":{"line":80,"column":2},"end":{"line":80,"column":null}},{"start":{},"end":{}}],"line":80},"3":{"loc":{"start":{"line":80,"column":6},"end":{"line":80,"column":44}},"type":"binary-expr","locations":[{"start":{"line":80,"column":6},"end":{"line":80,"column":22}},{"start":{"line":80,"column":22},"end":{"line":80,"column":44}}],"line":80},"4":{"loc":{"start":{"line":81,"column":2},"end":{"line":81,"column":null}},"type":"if","locations":[{"start":{"line":81,"column":2},"end":{"line":81,"column":null}},{"start":{},"end":{}}],"line":81},"5":{"loc":{"start":{"line":81,"column":6},"end":{"line":81,"column":43}},"type":"binary-expr","locations":[{"start":{"line":81,"column":6},"end":{"line":81,"column":20}},{"start":{"line":81,"column":20},"end":{"line":81,"column":43}}],"line":81}},"s":{"0":8,"1":1,"2":7,"3":7,"4":2,"5":5,"6":2,"7":3},"f":{"0":8},"b":{"0":[1,7],"1":[8,3],"2":[2,5],"3":[7,5],"4":[2,3],"5":[5,4]},"meta":{"lastBranch":6,"lastFunction":1,"lastStatement":8,"seen":{"f:77:16:77:38":0,"b:78:2:78:Infinity:undefined:undefined:undefined:undefined":0,"s:78:2:78:Infinity":0,"b:78:6:78:23:78:23:78:36":1,"s:78:36:78:Infinity":1,"s:79:16:79:Infinity":2,"b:80:2:80:Infinity:undefined:undefined:undefined:undefined":2,"s:80:2:80:Infinity":3,"b:80:6:80:22:80:22:80:44":3,"s:80:44:80:Infinity":4,"b:81:2:81:Infinity:undefined:undefined:undefined:undefined":4,"s:81:2:81:Infinity":5,"b:81:6:81:20:81:20:81:43":5,"s:81:43:81:Infinity":6,"s:82:2:82:Infinity":7},"fnNames":{}}}
,"D:\\Школа Almiron\\src\\utils\\cn.ts": {"path":"D:\\Школа Almiron\\src\\utils\\cn.ts","statementMap":{"0":{"start":{"line":5,"column":2},"end":{"line":5,"column":null}}},"fnMap":{"0":{"name":"cn","decl":{"start":{"line":4,"column":16},"end":{"line":4,"column":19}},"loc":{"start":{"line":4,"column":44},"end":{"line":6,"column":null}},"line":4}},"branchMap":{},"s":{"0":7},"f":{"0":7},"b":{},"meta":{"lastBranch":0,"lastFunction":1,"lastStatement":1,"seen":{"f:4:16:4:19":0,"s:5:2:5:Infinity":0},"fnNames":{}}}
,"D:\\Школа Almiron\\src\\utils\\format.ts": {"path":"D:\\Школа Almiron\\src\\utils\\format.ts","statementMap":{"0":{"start":{"line":5,"column":2},"end":{"line":5,"column":null}},"1":{"start":{"line":9,"column":2},"end":{"line":9,"column":null}},"2":{"start":{"line":13,"column":2},"end":{"line":13,"column":null}},"3":{"start":{"line":17,"column":2},"end":{"line":17,"column":null}},"4":{"start":{"line":21,"column":2},"end":{"line":21,"column":null}},"5":{"start":{"line":25,"column":2},"end":{"line":25,"column":null}},"6":{"start":{"line":29,"column":2},"end":{"line":29,"column":null}},"7":{"start":{"line":32,"column":53},"end":{"line":38,"column":null}},"8":{"start":{"line":40,"column":53},"end":{"line":46,"column":null}},"9":{"start":{"line":48,"column":51},"end":{"line":55,"column":null}},"10":{"start":{"line":57,"column":54},"end":{"line":60,"column":null}},"11":{"start":{"line":62,"column":51},"end":{"line":65,"column":null}},"12":{"start":{"line":67,"column":56},"end":{"line":72,"column":null}},"13":{"start":{"line":74,"column":56},"end":{"line":79,"column":null}},"14":{"start":{"line":81,"column":61},"end":{"line":86,"column":null}},"15":{"start":{"line":88,"column":61},"end":{"line":93,"column":null}}},"fnMap":{"0":{"name":"formatDate","decl":{"start":{"line":4,"column":16},"end":{"line":4,"column":27}},"loc":{"start":{"line":4,"column":56},"end":{"line":6,"column":null}},"line":4},"1":{"name":"formatDateTime","decl":{"start":{"line":8,"column":16},"end":{"line":8,"column":31}},"loc":{"start":{"line":8,"column":60},"end":{"line":10,"column":null}},"line":8},"2":{"name":"formatTime","decl":{"start":{"line":12,"column":16},"end":{"line":12,"column":27}},"loc":{"start":{"line":12,"column":56},"end":{"line":14,"column":null}},"line":12},"3":{"name":"timeAgo","decl":{"start":{"line":16,"column":16},"end":{"line":16,"column":24}},"loc":{"start":{"line":16,"column":53},"end":{"line":18,"column":null}},"line":16},"4":{"name":"isOverdue","decl":{"start":{"line":20,"column":16},"end":{"line":20,"column":26}},"loc":{"start":{"line":20,"column":56},"end":{"line":22,"column":null}},"line":20},"5":{"name":"isUpcoming","decl":{"start":{"line":24,"column":16},"end":{"line":24,"column":27}},"loc":{"start":{"line":24,"column":57},"end":{"line":26,"column":null}},"line":24},"6":{"name":"formatCurrency","decl":{"start":{"line":28,"column":16},"end":{"line":28,"column":31}},"loc":{"start":{"line":28,"column":55},"end":{"line":30,"column":null}},"line":28}},"branchMap":{},"s":{"0":2,"1":1,"2":1,"3":2,"4":2,"5":2,"6":3,"7":1,"8":1,"9":1,"10":1,"11":1,"12":1,"13":1,"14":1,"15":1},"f":{"0":2,"1":1,"2":1,"3":2,"4":2,"5":2,"6":3},"b":{},"meta":{"lastBranch":0,"lastFunction":7,"lastStatement":16,"seen":{"f:4:16:4:27":0,"s:5:2:5:Infinity":0,"f:8:16:8:31":1,"s:9:2:9:Infinity":1,"f:12:16:12:27":2,"s:13:2:13:Infinity":2,"f:16:16:16:24":3,"s:17:2:17:Infinity":3,"f:20:16:20:26":4,"s:21:2:21:Infinity":4,"f:24:16:24:27":5,"s:25:2:25:Infinity":5,"f:28:16:28:31":6,"s:29:2:29:Infinity":6,"s:32:53:38:Infinity":7,"s:40:53:46:Infinity":8,"s:48:51:55:Infinity":9,"s:57:54:60:Infinity":10,"s:62:51:65:Infinity":11,"s:67:56:72:Infinity":12,"s:74:56:79:Infinity":13,"s:81:61:86:Infinity":14,"s:88:61:93:Infinity":15},"fnNames":{}}}
,"D:\\Школа Almiron\\src\\utils\\notify.ts": {"path":"D:\\Школа Almiron\\src\\utils\\notify.ts","statementMap":{"0":{"start":{"line":17,"column":2},"end":{"line":17,"column":null}},"1":{"start":{"line":17,"column":29},"end":{"line":17,"column":null}},"2":{"start":{"line":18,"column":2},"end":{"line":18,"column":null}},"3":{"start":{"line":27,"column":28},"end":{"line":30,"column":null}},"4":{"start":{"line":32,"column":8},"end":{"line":37,"column":null}},"5":{"start":{"line":32,"column":52},"end":{"line":37,"column":4}},"6":{"start":{"line":37,"column":18},"end":{"line":37,"column":27}},"7":{"start":{"line":39,"column":2},"end":{"line":39,"column":null}},"8":{"start":{"line":50,"column":20},"end":{"line":50,"column":null}},"9":{"start":{"line":51,"column":2},"end":{"line":58,"column":null}},"10":{"start":{"line":68,"column":14},"end":{"line":68,"column":null}},"11":{"start":{"line":69,"column":2},"end":{"line":74,"column":null}}},"fnMap":{"0":{"name":"send","decl":{"start":{"line":16,"column":15},"end":{"line":16,"column":20}},"loc":{"start":{"line":16,"column":46},"end":{"line":19,"column":null}},"line":16},"1":{"name":"notifyNewHomework","decl":{"start":{"line":22,"column":22},"end":{"line":22,"column":null}},"loc":{"start":{"line":26,"column":2},"end":{"line":40,"column":null}},"line":26},"2":{"name":"(anonymous_2)","decl":{"start":{"line":32,"column":35},"end":{"line":32,"column":40}},"loc":{"start":{"line":32,"column":52},"end":{"line":37,"column":4}},"line":32},"3":{"name":"(anonymous_3)","decl":{"start":{"line":37,"column":6},"end":{"line":37,"column":13}},"loc":{"start":{"line":37,"column":18},"end":{"line":37,"column":27}},"line":37},"4":{"name":"notifyHomeworkChecked","decl":{"start":{"line":43,"column":22},"end":{"line":43,"column":null}},"loc":{"start":{"line":49,"column":2},"end":{"line":59,"column":null}},"line":49},"5":{"name":"notifyMockExamResult","decl":{"start":{"line":62,"column":22},"end":{"line":62,"column":null}},"loc":{"start":{"line":67,"column":2},"end":{"line":75,"column":null}},"line":67}},"branchMap":{"0":{"loc":{"start":{"line":17,"column":2},"end":{"line":17,"column":null}},"type":"if","locations":[{"start":{"line":17,"column":2},"end":{"line":17,"column":null}},{"start":{},"end":{}}],"line":17},"1":{"loc":{"start":{"line":32,"column":20},"end":{"line":32,"column":35}},"type":"binary-expr","locations":[{"start":{"line":32,"column":20},"end":{"line":32,"column":31}},{"start":{"line":32,"column":31},"end":{"line":32,"column":35}}],"line":32},"2":{"loc":{"start":{"line":53,"column":13},"end":{"line":53,"column":null}},"type":"cond-expr","locations":[{"start":{"line":53,"column":25},"end":{"line":53,"column":44}},{"start":{"line":53,"column":44},"end":{"line":53,"column":null}}],"line":53},"3":{"loc":{"start":{"line":54,"column":13},"end":{"line":56,"column":null}},"type":"cond-expr","locations":[{"start":{"line":55,"column":8},"end":{"line":55,"column":null}},{"start":{"line":56,"column":8},"end":{"line":56,"column":null}}],"line":54},"4":{"loc":{"start":{"line":55,"column":23},"end":{"line":55,"column":null}},"type":"cond-expr","locations":[{"start":{"line":55,"column":39},"end":{"line":55,"column":70}},{"start":{"line":55,"column":70},"end":{"line":55,"column":null}}],"line":55},"5":{"loc":{"start":{"line":57,"column":10},"end":{"line":57,"column":null}},"type":"cond-expr","locations":[{"start":{"line":57,"column":22},"end":{"line":57,"column":34}},{"start":{"line":57,"column":34},"end":{"line":57,"column":null}}],"line":57},"6":{"loc":{"start":{"line":73,"column":13},"end":{"line":73,"column":null}},"type":"cond-expr","locations":[{"start":{"line":73,"column":25},"end":{"line":73,"column":37}},{"start":{"line":73,"column":37},"end":{"line":73,"column":null}}],"line":73},"7":{"loc":{"start":{"line":73,"column":37},"end":{"line":73,"column":null}},"type":"cond-expr","locations":[{"start":{"line":73,"column":49},"end":{"line":73,"column":58}},{"start":{"line":73,"column":58},"end":{"line":73,"column":null}}],"line":73}},"s":{"0":9,"1":0,"2":9,"3":0,"4":0,"5":0,"6":0,"7":0,"8":4,"9":4,"10":5,"11":5},"f":{"0":9,"1":0,"2":0,"3":0,"4":4,"5":5},"b":{"0":[0,9],"1":[0,0],"2":[3,1],"3":[3,1],"4":[2,1],"5":[3,1],"6":[1,4],"7":[2,2]},"meta":{"lastBranch":8,"lastFunction":6,"lastStatement":12,"seen":{"f:16:15:16:20":0,"b:17:2:17:Infinity:undefined:undefined:undefined:undefined":0,"s:17:2:17:Infinity":0,"s:17:29:17:Infinity":1,"s:18:2:18:Infinity":2,"f:22:22:22:Infinity":1,"s:27:28:30:Infinity":3,"s:32:8:37:Infinity":4,"b:32:20:32:31:32:31:32:35":1,"f:32:35:32:40":2,"s:32:52:37:4":5,"f:37:6:37:13":3,"s:37:18:37:27":6,"s:39:2:39:Infinity":7,"f:43:22:43:Infinity":4,"s:50:20:50:Infinity":8,"s:51:2:58:Infinity":9,"b:53:25:53:44:53:44:53:Infinity":2,"b:55:8:55:Infinity:56:8:56:Infinity":3,"b:55:39:55:70:55:70:55:Infinity":4,"b:57:22:57:34:57:34:57:Infinity":5,"f:62:22:62:Infinity":5,"s:68:14:68:Infinity":10,"s:69:2:74:Infinity":11,"b:73:25:73:37:73:37:73:Infinity":6,"b:73:49:73:58:73:58:73:Infinity":7},"fnNames":{}}}
}
